<?xml version="1.0" encoding="UTF-8" ?>
<testsuite errors="1" failures="1" hostname="saas.codebeamer.com" name="com.intland.xunit.GatherComputerInfoTest" skipped="0" tests="3" time="0.053" timestamp="2019-03-27T13:58:11">
  <properties>
    <property name="ant.project.invoked-targets" value="report" />
    <property name="java.runtime.name" value="OpenJDK Runtime Environment" />
    <property name="sun.boot.library.path" value="/usr/lib/jvm/java-8-openjdk-amd64/jre/lib/amd64" />
    <property name="java.vm.version" value="25.191-b12" />
    <property name="ant.file.xunit-example" value="/home/jenkins/.jenkins/workspace/xunit-demo/build.xml" />
    <property name="ant.library.dir" value="/home/jenkins/.jenkins/tools/hudson.tasks.Ant_AntInstallation/1.9.7/lib" />
    <property name="ant.version" value="Apache Ant(TM) version 1.9.7 compiled on April 9 2016" />
    <property name="ant.java.version" value="1.8" />
    <property name="java.vm.vendor" value="Oracle Corporation" />
    <property name="java.vendor.url" value="http://java.oracle.com/" />
    <property name="path.separator" value=":" />
    <property name="java.vm.name" value="OpenJDK 64-Bit Server VM" />
    <property name="file.encoding.pkg" value="sun.io" />
    <property name="user.country" value="US" />
    <property name="sun.java.launcher" value="SUN_STANDARD" />
    <property name="sun.os.patch.level" value="unknown" />
    <property name="java.vm.specification.name" value="Java Virtual Machine Specification" />
    <property name="user.dir" value="/home/jenkins/.jenkins/workspace/xunit-demo" />
    <property name="java.runtime.version" value="1.8.0_191-8u191-b12-2ubuntu0.16.04.1-b12" />
    <property name="java.awt.graphicsenv" value="sun.awt.X11GraphicsEnvironment" />
    <property name="basedir" value="/home/jenkins/.jenkins/workspace/xunit-demo" />
    <property name="ant.file.type.xunit-example" value="file" />
    <property name="java.endorsed.dirs" value="/usr/lib/jvm/java-8-openjdk-amd64/jre/lib/endorsed" />
    <property name="os.arch" value="amd64" />
    <property name="java.io.tmpdir" value="/tmp" />
    <property name="ant.core.lib" value="/home/jenkins/.jenkins/tools/hudson.tasks.Ant_AntInstallation/1.9.7/lib/ant.jar" />
    <property name="line.separator" value="&#xa;" />
    <property name="java.vm.specification.vendor" value="Oracle Corporation" />
    <property name="os.name" value="Linux" />
    <property name="ant.home" value="/home/jenkins/.jenkins/tools/hudson.tasks.Ant_AntInstallation/1.9.7" />
    <property name="ant.project.name" value="xunit-example" />
    <property name="sun.jnu.encoding" value="UTF-8" />
    <property name="_jacoco.agentFile" value="/tmp/jacocoagent5459886770161142986.jar" />
    <property name="java.library.path" value="/usr/java/packages/lib/amd64:/usr/lib/x86_64-linux-gnu/jni:/lib/x86_64-linux-gnu:/usr/lib/x86_64-linux-gnu:/usr/lib/jni:/lib:/usr/lib" />
    <property name="java.class.version" value="52.0" />
    <property name="java.specification.name" value="Java Platform API Specification" />
    <property name="sun.management.compiler" value="HotSpot 64-Bit Tiered Compilers" />
    <property name="os.version" value="4.4.0-1074-aws" />
    <property name="ant.file" value="/home/jenkins/.jenkins/workspace/xunit-demo/build.xml" />
    <property name="user.home" value="/home/jenkins" />
    <property name="user.timezone" value="" />
    <property name="java.awt.printerjob" value="sun.print.PSPrinterJob" />
    <property name="java.specification.version" value="1.8" />
    <property name="file.encoding" value="UTF-8" />
    <property name="java.class.path" value="/home/jenkins/.jenkins/workspace/xunit-demo/lib/hamcrest-all-1.3.jar:/home/jenkins/.jenkins/workspace/xunit-demo/lib/jacocoant.jar:/home/jenkins/.jenkins/workspace/xunit-demo/lib/junit-4.12.jar:/home/jenkins/.jenkins/workspace/xunit-demo/build/classes:/home/jenkins/.jenkins/tools/hudson.tasks.Ant_AntInstallation/1.9.7/lib/ant-launcher.jar:/home/jenkins/.jenkins/tools/hudson.tasks.Ant_AntInstallation/1.9.7/lib/ant.jar:/home/jenkins/.jenkins/tools/hudson.tasks.Ant_AntInstallation/1.9.7/lib/ant-junit.jar:/home/jenkins/.jenkins/tools/hudson.tasks.Ant_AntInstallation/1.9.7/lib/ant-junit4.jar:/tmp/jacocoagent5459886770161142986.jar" />
    <property name="user.name" value="jenkins" />
    <property name="java.vm.specification.version" value="1.8" />
    <property name="java.home" value="/usr/lib/jvm/java-8-openjdk-amd64/jre" />
    <property name="sun.arch.data.model" value="64" />
    <property name="sun.java.command" value="org.apache.tools.ant.taskdefs.optional.junit.JUnitTestRunner com.intland.xunit.GatherComputerInfoTest skipNonTests=false filtertrace=true haltOnError=false haltOnFailure=false showoutput=false outputtoformatters=true logfailedtests=true threadid=0 logtestlistenerevents=false formatter=org.apache.tools.ant.taskdefs.optional.junit.XMLJUnitResultFormatter,/home/jenkins/.jenkins/workspace/xunit-demo/reports/TEST-com.intland.xunit.GatherComputerInfoTest.xml crashfile=/home/jenkins/.jenkins/workspace/xunit-demo/junitvmwatcher2287896513267497430.properties propsfile=/home/jenkins/.jenkins/workspace/xunit-demo/junit3170917306569177870.properties" />
    <property name="java.specification.vendor" value="Oracle Corporation" />
    <property name="user.language" value="en" />
    <property name="awt.toolkit" value="sun.awt.X11.XToolkit" />
    <property name="java.vm.info" value="mixed mode" />
    <property name="java.version" value="1.8.0_191" />
    <property name="java.ext.dirs" value="/usr/lib/jvm/java-8-openjdk-amd64/jre/lib/ext:/usr/java/packages/lib/ext" />
    <property name="sun.boot.class.path" value="/usr/lib/jvm/java-8-openjdk-amd64/jre/lib/resources.jar:/usr/lib/jvm/java-8-openjdk-amd64/jre/lib/rt.jar:/usr/lib/jvm/java-8-openjdk-amd64/jre/lib/sunrsasign.jar:/usr/lib/jvm/java-8-openjdk-amd64/jre/lib/jsse.jar:/usr/lib/jvm/java-8-openjdk-amd64/jre/lib/jce.jar:/usr/lib/jvm/java-8-openjdk-amd64/jre/lib/charsets.jar:/usr/lib/jvm/java-8-openjdk-amd64/jre/lib/jfr.jar:/usr/lib/jvm/java-8-openjdk-amd64/jre/classes" />
    <property name="java.vendor" value="Oracle Corporation" />
    <property name="java.awt.headless" value="true" />
    <property name="file.separator" value="/" />
    <property name="java.vendor.url.bug" value="http://bugreport.sun.com/bugreport/" />
    <property name="sun.cpu.endian" value="little" />
    <property name="sun.io.unicode.encoding" value="UnicodeLittle" />
    <property name="ant.file.type" value="file" />
    <property name="sun.cpu.isalist" value="" />
  </properties>
  <testcase classname="com.intland.xunit.GatherComputerInfoTest" name="testIsSystemRecommended" time="0.007">
    <failure type="junit.framework.AssertionFailedError">junit.framework.AssertionFailedError
	at com.intland.xunit.GatherComputerInfoTest.testIsSystemRecommended(Unknown Source)
</failure>
  </testcase>
  <testcase classname="com.intland.xunit.GatherComputerInfoTest" name="testIsMaxMemGreaterThan100Mb" time="0.0" />
  <testcase classname="com.intland.xunit.GatherComputerInfoTest" name="testThrowFalseError" time="0.0">
    <error message="ThrowFalseError" type="java.lang.Exception">java.lang.Exception: ThrowFalseError
	at com.intland.xunit.GatherComputerInfoTest.testThrowFalseError(Unknown Source)
</error>
  </testcase>
  <system-out><![CDATA[]]></system-out>
  <system-err><![CDATA[]]></system-err>
</testsuite>
